0 verbose cli C:\Program Files\nodejs\node.exe C:\Program Files\nodejs\node_modules\npm\bin\npm-cli.js
1 info using npm@11.6.2
2 info using node@v24.12.0
3 silly config load:file:C:\Program Files\nodejs\node_modules\npm\npmrc
4 silly config load:file:C:\Users\vishw\OneDrive\Desktop\newz\server\.npmrc
5 silly config load:file:C:\Users\vishw\.npmrc
6 silly config load:file:C:\Users\vishw\AppData\Roaming\npm\etc\npmrc
7 verbose title npm install
8 verbose argv "install"
9 verbose logfile logs-max:10 dir:C:\Users\vishw\OneDrive\Desktop\newz\server\.npm-cache\_logs\2026-05-05T06_58_20_000Z-
10 verbose logfile C:\Users\vishw\OneDrive\Desktop\newz\server\.npm-cache\_logs\2026-05-05T06_58_20_000Z-debug-0.log
11 silly logfile done cleaning log files
12 silly packumentCache heap:4496293888 maxSize:1124073472 maxEntrySize:562036736
13 http fetch GET https://registry.npmjs.org/npm attempt 1 failed with EACCES
14 silly idealTree buildDeps
15 silly fetch manifest razorpay@^2.9.6
16 silly packumentCache full:https://registry.npmjs.org/razorpay cache-miss
17 verbose shrinkwrap failed to load node_modules/.package-lock.json out of date, updated: node_modules/anymatch
18 http fetch GET https://registry.npmjs.org/razorpay attempt 1 failed with EACCES
19 http fetch GET https://registry.npmjs.org/npm attempt 2 failed with EACCES
20 http fetch GET https://registry.npmjs.org/razorpay attempt 2 failed with EACCES
21 http fetch GET https://registry.npmjs.org/npm attempt 3 failed with EACCES
22 http fetch GET https://registry.npmjs.org/razorpay attempt 3 failed with EACCES
23 silly placeDep ROOT razorpay@ OK for: server@1.0.0 want: ^2.9.6
24 verbose type system
25 verbose stack FetchError: request to https://registry.npmjs.org/razorpay failed, reason: 
25 verbose stack     at ClientRequest.<anonymous> (C:\Program Files\nodejs\node_modules\npm\node_modules\minipass-fetch\lib\index.js:130:14)
25 verbose stack     at ClientRequest.emit (node:events:508:28)
25 verbose stack     at emitErrorEvent (node:_http_client:108:11)
25 verbose stack     at _destroy (node:_http_client:962:9)
25 verbose stack     at onSocketNT (node:_http_client:982:5)
25 verbose stack     at process.processTicksAndRejections (node:internal/process/task_queues:90:21)
26 error code EACCES
27 error errno EACCES
28 error FetchError: request to https://registry.npmjs.org/razorpay failed, reason: 
28 error     at ClientRequest.<anonymous> (C:\Program Files\nodejs\node_modules\npm\node_modules\minipass-fetch\lib\index.js:130:14)
28 error     at ClientRequest.emit (node:events:508:28)
28 error     at emitErrorEvent (node:_http_client:108:11)
28 error     at _destroy (node:_http_client:962:9)
28 error     at onSocketNT (node:_http_client:982:5)
28 error     at process.processTicksAndRejections (node:internal/process/task_queues:90:21) {
28 error   code: 'EACCES',
28 error   errno: 'EACCES',
28 error   type: 'system',
28 error   requiredBy: '.'
28 error }
29 error
29 error The operation was rejected by your operating system.
29 error It's possible that the file was already in use (by a text editor or antivirus),
29 error or that you lack permissions to access it.
29 error
29 error If you believe this might be a permissions issue, please double-check the
29 error permissions of the file and its containing directories, or try running
29 error the command again as root/Administrator.
30 silly unfinished npm timer reify 1777964300769
31 silly unfinished npm timer reify:loadTrees 1777964300772
32 verbose cwd C:\Users\vishw\OneDrive\Desktop\newz\server
33 verbose os Windows_NT 10.0.26200
34 verbose node v24.12.0
35 verbose npm  v11.6.2
36 verbose exit 1
37 verbose code 1
38 error A complete log of this run can be found in: C:\Users\vishw\OneDrive\Desktop\newz\server\.npm-cache\_logs\2026-05-05T06_58_20_000Z-debug-0.log
